  main.cpp
E:\Mini Projects\10- Word Puzzle & Pong Game\SFML_Visual\SFML_Visual\main.cpp(336,14): warning C4244: 'argument': conversion from 'time_t' to 'unsigned int', possible loss of data
E:\Mini Projects\10- Word Puzzle & Pong Game\SFML_Visual\SFML_Visual\main.cpp(346,30): warning C4018: '<=': signed/unsigned mismatch
E:\Mini Projects\10- Word Puzzle & Pong Game\SFML_Visual\SFML_Visual\main.cpp(346,65): warning C4018: '>=': signed/unsigned mismatch
E:\Mini Projects\10- Word Puzzle & Pong Game\SFML_Visual\SFML_Visual\main.cpp(355,34): warning C4018: '<': signed/unsigned mismatch
E:\Mini Projects\10- Word Puzzle & Pong Game\SFML_Visual\SFML_Visual\main.cpp(357,83): warning C4804: '<=': unsafe use of type 'bool' in operation
E:\Mini Projects\10- Word Puzzle & Pong Game\SFML_Visual\SFML_Visual\main.cpp(357,75): warning C4018: '<=': signed/unsigned mismatch
E:\Mini Projects\10- Word Puzzle & Pong Game\SFML_Visual\SFML_Visual\main.cpp(379,34): warning C4018: '<': signed/unsigned mismatch
E:\Mini Projects\10- Word Puzzle & Pong Game\SFML_Visual\SFML_Visual\main.cpp(381,83): warning C4804: '<=': unsafe use of type 'bool' in operation
E:\Mini Projects\10- Word Puzzle & Pong Game\SFML_Visual\SFML_Visual\main.cpp(381,75): warning C4018: '<=': signed/unsigned mismatch
E:\Mini Projects\10- Word Puzzle & Pong Game\SFML_Visual\SFML_Visual\main.cpp(389,42): warning C4018: '<': signed/unsigned mismatch
E:\Mini Projects\10- Word Puzzle & Pong Game\SFML_Visual\SFML_Visual\main.cpp(402,37): warning C4018: '<': signed/unsigned mismatch
E:\Mini Projects\10- Word Puzzle & Pong Game\SFML_Visual\SFML_Visual\main.cpp(404,75): warning C4018: '>=': signed/unsigned mismatch
E:\Mini Projects\10- Word Puzzle & Pong Game\SFML_Visual\SFML_Visual\main.cpp(424,37): warning C4018: '<': signed/unsigned mismatch
E:\Mini Projects\10- Word Puzzle & Pong Game\SFML_Visual\SFML_Visual\main.cpp(426,75): warning C4018: '>=': signed/unsigned mismatch
E:\Mini Projects\10- Word Puzzle & Pong Game\SFML_Visual\SFML_Visual\main.cpp(433,45): warning C4018: '<': signed/unsigned mismatch
E:\Mini Projects\10- Word Puzzle & Pong Game\SFML_Visual\SFML_Visual\main.cpp(444,63): warning C4018: '<': signed/unsigned mismatch
E:\Mini Projects\10- Word Puzzle & Pong Game\SFML_Visual\SFML_Visual\main.cpp(453,34): warning C4018: '<': signed/unsigned mismatch
E:\Mini Projects\10- Word Puzzle & Pong Game\SFML_Visual\SFML_Visual\main.cpp(455,83): warning C4804: '<=': unsafe use of type 'bool' in operation
E:\Mini Projects\10- Word Puzzle & Pong Game\SFML_Visual\SFML_Visual\main.cpp(455,75): warning C4018: '<=': signed/unsigned mismatch
E:\Mini Projects\10- Word Puzzle & Pong Game\SFML_Visual\SFML_Visual\main.cpp(477,34): warning C4018: '<': signed/unsigned mismatch
E:\Mini Projects\10- Word Puzzle & Pong Game\SFML_Visual\SFML_Visual\main.cpp(479,83): warning C4804: '<=': unsafe use of type 'bool' in operation
E:\Mini Projects\10- Word Puzzle & Pong Game\SFML_Visual\SFML_Visual\main.cpp(479,75): warning C4018: '<=': signed/unsigned mismatch
E:\Mini Projects\10- Word Puzzle & Pong Game\SFML_Visual\SFML_Visual\main.cpp(487,42): warning C4018: '<': signed/unsigned mismatch
E:\Mini Projects\10- Word Puzzle & Pong Game\SFML_Visual\SFML_Visual\main.cpp(500,37): warning C4018: '<': signed/unsigned mismatch
E:\Mini Projects\10- Word Puzzle & Pong Game\SFML_Visual\SFML_Visual\main.cpp(502,75): warning C4018: '>=': signed/unsigned mismatch
E:\Mini Projects\10- Word Puzzle & Pong Game\SFML_Visual\SFML_Visual\main.cpp(522,37): warning C4018: '<': signed/unsigned mismatch
E:\Mini Projects\10- Word Puzzle & Pong Game\SFML_Visual\SFML_Visual\main.cpp(524,75): warning C4018: '>=': signed/unsigned mismatch
E:\Mini Projects\10- Word Puzzle & Pong Game\SFML_Visual\SFML_Visual\main.cpp(531,45): warning C4018: '<': signed/unsigned mismatch
E:\Mini Projects\10- Word Puzzle & Pong Game\SFML_Visual\SFML_Visual\main.cpp(279,5): warning C4060: switch statement contains no 'case' or 'default' labels
E:\Mini Projects\10- Word Puzzle & Pong Game\SFML_Visual\SFML_Visual\main.cpp(774,16): warning C4244: 'argument': conversion from 'int' to 'float', possible loss of data
E:\Mini Projects\10- Word Puzzle & Pong Game\SFML_Visual\SFML_Visual\main.cpp(777,17): warning C4244: 'argument': conversion from 'int' to 'float', possible loss of data
E:\Mini Projects\10- Word Puzzle & Pong Game\SFML_Visual\SFML_Visual\main.cpp(781,17): warning C4244: 'argument': conversion from 'int' to 'float', possible loss of data
E:\Mini Projects\10- Word Puzzle & Pong Game\SFML_Visual\SFML_Visual\main.cpp(784,28): warning C4244: 'argument': conversion from 'int' to 'float', possible loss of data
E:\Mini Projects\10- Word Puzzle & Pong Game\SFML_Visual\SFML_Visual\main.cpp(784,13): warning C4244: 'argument': conversion from 'int' to 'float', possible loss of data
E:\Mini Projects\10- Word Puzzle & Pong Game\SFML_Visual\SFML_Visual\main.cpp(826,16): warning C4244: 'argument': conversion from 'int' to 'float', possible loss of data
  Generating code
  Previous IPDB was built with incompatible compiler, fall back to full compilation.
  All 216 functions were compiled because no usable IPDB/IOBJ from previous compilation was found.
  Finished generating code
  SFML_Visual.vcxproj -> E:\Mini Projects\10- Word Puzzle & Pong Game\SFML_Visual\Release\SFML_Visual.exe
